{
  "uid" : "24393026cf167f11",
  "name" : "User is able to login:",
  "fullName" : "Tests.LoginPTest.userCanLogin",
  "historyId" : "273ce68399b4d5f93590d9386f6fb562",
  "time" : {
    "start" : 1616698802040,
    "stop" : 1616698835080,
    "duration" : 33040
  },
  "status" : "broken",
  "statusMessage" : "Expected condition failed: Element is found after 30 seconds of fluent wait (tried for 30 second(s) with 1000 milliseconds interval)",
  "statusTrace" : "org.openqa.selenium.TimeoutException: Expected condition failed: Element is found after 30 seconds of fluent wait (tried for 30 second(s) with 1000 milliseconds interval)\n\tat org.openqa.selenium.support.ui.FluentWait.timeoutException(FluentWait.java:304)\n\tat org.openqa.selenium.support.ui.FluentWait.until(FluentWait.java:272)\n\tat Pages.BasePage.findElementUsingFluentWait(BasePage.java:22)\n\tat Pages.BasePage.isElementDisplayed(BasePage.java:38)\n\tat Pages.WelcomePage.isMyAccountDisplayed(WelcomePage.java:9)\n\tat Tests.LoginPTest.userCanLogin(LoginPTest.java:19)\n\tat java.base/jdk.internal.reflect.NativeMethodAccessorImpl.invoke0(Native Method)\n\tat java.base/jdk.internal.reflect.NativeMethodAccessorImpl.invoke(NativeMethodAccessorImpl.java:62)\n\tat java.base/jdk.internal.reflect.DelegatingMethodAccessorImpl.invoke(DelegatingMethodAccessorImpl.java:43)\n\tat java.base/java.lang.reflect.Method.invoke(Method.java:564)\n\tat org.testng.internal.MethodInvocationHelper.invokeMethod(MethodInvocationHelper.java:124)\n\tat org.testng.internal.Invoker.invokeMethod(Invoker.java:583)\n\tat org.testng.internal.Invoker.invokeTestMethod(Invoker.java:719)\n\tat org.testng.internal.Invoker.invokeTestMethods(Invoker.java:989)\n\tat org.testng.internal.TestMethodWorker.invokeTestMethods(TestMethodWorker.java:125)\n\tat org.testng.internal.TestMethodWorker.run(TestMethodWorker.java:109)\n\tat org.testng.TestRunner.privateRun(TestRunner.java:648)\n\tat org.testng.TestRunner.run(TestRunner.java:505)\n\tat org.testng.SuiteRunner.runTest(SuiteRunner.java:455)\n\tat org.testng.SuiteRunner.runSequentially(SuiteRunner.java:450)\n\tat org.testng.SuiteRunner.privateRun(SuiteRunner.java:415)\n\tat org.testng.SuiteRunner.run(SuiteRunner.java:364)\n\tat org.testng.SuiteRunnerWorker.runSuite(SuiteRunnerWorker.java:52)\n\tat org.testng.SuiteRunnerWorker.run(SuiteRunnerWorker.java:84)\n\tat org.testng.TestNG.runSuitesSequentially(TestNG.java:1208)\n\tat org.testng.TestNG.runSuitesLocally(TestNG.java:1137)\n\tat org.testng.TestNG.runSuites(TestNG.java:1049)\n\tat org.testng.TestNG.run(TestNG.java:1017)\n\tat org.apache.maven.surefire.testng.TestNGExecutor.run(TestNGExecutor.java:135)\n\tat org.apache.maven.surefire.testng.TestNGDirectoryTestSuite.executeMulti(TestNGDirectoryTestSuite.java:193)\n\tat org.apache.maven.surefire.testng.TestNGDirectoryTestSuite.execute(TestNGDirectoryTestSuite.java:94)\n\tat org.apache.maven.surefire.testng.TestNGProvider.invoke(TestNGProvider.java:146)\n\tat org.apache.maven.surefire.booter.ForkedBooter.invokeProviderInSameClassLoader(ForkedBooter.java:383)\n\tat org.apache.maven.surefire.booter.ForkedBooter.runSuitesInProcess(ForkedBooter.java:344)\n\tat org.apache.maven.surefire.booter.ForkedBooter.execute(ForkedBooter.java:125)\n\tat org.apache.maven.surefire.booter.ForkedBooter.main(ForkedBooter.java:417)\nCaused by: org.openqa.selenium.NoSuchElementException: no such element: Unable to locate element: {\"method\":\"xpath\",\"selector\":\"//a[@class='button navi-link']\"}\n  (Session info: chrome=89.0.4389.90)\nFor documentation on this error, please visit: http://seleniumhq.org/exceptions/no_such_element.html\nBuild info: version: '3.141.5', revision: 'd54ebd709a', time: '2018-11-06T11:42:16'\nSystem info: host: 'Serdars-MBP', ip: 'fe80:0:0:0:10f0:f531:f9db:6e00%en0', os.name: 'Mac OS X', os.arch: 'x86_64', os.version: '10.16', java.version: '14.0.1'\nDriver info: org.openqa.selenium.chrome.ChromeDriver\nCapabilities {acceptInsecureCerts: false, browserName: chrome, browserVersion: 89.0.4389.90, chrome: {chromedriverVersion: 89.0.4389.23 (61b08ee2c5002..., userDataDir: /var/folders/1d/nqgdjfz11lb...}, goog:chromeOptions: {debuggerAddress: localhost:51402}, javascriptEnabled: true, networkConnectionEnabled: false, pageLoadStrategy: normal, platform: MAC, platformName: MAC, proxy: Proxy(), setWindowRect: true, strictFileInteractability: false, timeouts: {implicit: 0, pageLoad: 300000, script: 30000}, unhandledPromptBehavior: dismiss and notify, webauthn:extension:largeBlob: true, webauthn:virtualAuthenticators: true}\nSession ID: a3801a38175b554f357e09e4e88232c8\n*** Element info: {Using=xpath, value=//a[@class='button navi-link']}\n\tat java.base/jdk.internal.reflect.NativeConstructorAccessorImpl.newInstance0(Native Method)\n\tat java.base/jdk.internal.reflect.NativeConstructorAccessorImpl.newInstance(NativeConstructorAccessorImpl.java:62)\n\tat java.base/jdk.internal.reflect.DelegatingConstructorAccessorImpl.newInstance(DelegatingConstructorAccessorImpl.java:45)\n\tat java.base/java.lang.reflect.Constructor.newInstanceWithCaller(Constructor.java:500)\n\tat java.base/java.lang.reflect.Constructor.newInstance(Constructor.java:481)\n\tat org.openqa.selenium.remote.http.W3CHttpResponseCodec.createException(W3CHttpResponseCodec.java:187)\n\tat org.openqa.selenium.remote.http.W3CHttpResponseCodec.decode(W3CHttpResponseCodec.java:122)\n\tat org.openqa.selenium.remote.http.W3CHttpResponseCodec.decode(W3CHttpResponseCodec.java:49)\n\tat org.openqa.selenium.remote.HttpCommandExecutor.execute(HttpCommandExecutor.java:158)\n\tat org.openqa.selenium.remote.service.DriverCommandExecutor.execute(DriverCommandExecutor.java:83)\n\tat org.openqa.selenium.remote.RemoteWebDriver.execute(RemoteWebDriver.java:552)\n\tat org.openqa.selenium.remote.RemoteWebDriver.findElement(RemoteWebDriver.java:323)\n\tat org.openqa.selenium.remote.RemoteWebDriver.findElementByXPath(RemoteWebDriver.java:428)\n\tat org.openqa.selenium.By$ByXPath.findElement(By.java:353)\n\tat org.openqa.selenium.remote.RemoteWebDriver.findElement(RemoteWebDriver.java:315)\n\tat Pages.BasePage$1.apply(BasePage.java:23)\n\tat Pages.BasePage$1.apply(BasePage.java:22)\n\tat org.openqa.selenium.support.ui.FluentWait.until(FluentWait.java:249)\n\t... 34 more\n",
  "flaky" : false,
  "newFailed" : false,
  "beforeStages" : [ {
    "name" : "initDriver",
    "time" : {
      "start" : 1616698797919,
      "stop" : 1616698801789,
      "duration" : 3870
    },
    "description" : "",
    "status" : "passed",
    "steps" : [ ],
    "attachments" : [ ],
    "parameters" : [ ],
    "stepsCount" : 0,
    "attachmentsCount" : 0,
    "shouldDisplayMessage" : false,
    "hasContent" : false
  } ],
  "afterStages" : [ {
    "name" : "quitDriver",
    "time" : {
      "start" : 1616698835089,
      "stop" : 1616698835182,
      "duration" : 93
    },
    "description" : "",
    "status" : "passed",
    "steps" : [ ],
    "attachments" : [ ],
    "parameters" : [ ],
    "stepsCount" : 0,
    "attachmentsCount" : 0,
    "shouldDisplayMessage" : false,
    "hasContent" : false
  } ],
  "labels" : [ {
    "name" : "package",
    "value" : "Tests.LoginPTest"
  }, {
    "name" : "testClass",
    "value" : "Tests.LoginPTest"
  }, {
    "name" : "testMethod",
    "value" : "userCanLogin"
  }, {
    "name" : "parentSuite",
    "value" : "Surefire suite"
  }, {
    "name" : "suite",
    "value" : "Surefire test"
  }, {
    "name" : "subSuite",
    "value" : "Tests.LoginPTest"
  }, {
    "name" : "host",
    "value" : "Serdars-MBP"
  }, {
    "name" : "thread",
    "value" : "2731@Serdars-MBP.main(1)"
  }, {
    "name" : "framework",
    "value" : "testng"
  }, {
    "name" : "language",
    "value" : "java"
  }, {
    "name" : "resultFormat",
    "value" : "allure2"
  } ],
  "parameters" : [ ],
  "links" : [ ],
  "hidden" : false,
  "retry" : false,
  "extra" : {
    "severity" : "normal",
    "retries" : [ {
      "uid" : "a3fbb5db1663b432",
      "status" : "broken",
      "statusDetails" : "no such window: target window already closed\nfrom unknown error: web view not found\n  (Session info: chrome=89.0.4389.90)\nBuild info: version: '3.141.5', revision: 'd54ebd709a', time: '2018-11-06T11:42:16'\nSystem info: host: 'Serdars-MBP', ip: 'fe80:0:0:0:10f0:f531:f9db:6e00%en0', os.name: 'Mac OS X', os.arch: 'x86_64', os.version: '10.16', java.version: '1.8.0_261'\nDriver info: org.openqa.selenium.chrome.ChromeDriver\nCapabilities {acceptInsecureCerts: false, browserName: chrome, browserVersion: 89.0.4389.90, chrome: {chromedriverVersion: 89.0.4389.23 (61b08ee2c5002..., userDataDir: /var/folders/1d/nqgdjfz11lb...}, goog:chromeOptions: {debuggerAddress: localhost:51353}, javascriptEnabled: true, networkConnectionEnabled: false, pageLoadStrategy: normal, platform: MAC, platformName: MAC, proxy: Proxy(), setWindowRect: true, strictFileInteractability: false, timeouts: {implicit: 0, pageLoad: 300000, script: 30000}, unhandledPromptBehavior: dismiss and notify, webauthn:extension:largeBlob: true, webauthn:virtualAuthenticators: true}\nSession ID: 86ac6672d8f56b6f6cbad3bf48033e8a\n*** Element info: {Using=xpath, value=//a[@class='button navi-link']}",
      "time" : {
        "start" : 1616698774171,
        "stop" : 1616698782305,
        "duration" : 8134
      }
    }, {
      "uid" : "54f5a99d9535308a",
      "status" : "skipped",
      "statusDetails" : "java.lang.NullPointerException",
      "time" : {
        "start" : 1616698567408,
        "stop" : 1616698567410,
        "duration" : 2
      }
    }, {
      "uid" : "f308cc29d67c4b9",
      "status" : "broken",
      "statusDetails" : "java.lang.NullPointerException",
      "time" : {
        "start" : 1616698496284,
        "stop" : 1616698496325,
        "duration" : 41
      }
    }, {
      "uid" : "243bcc4ca914e84f",
      "status" : "broken",
      "statusDetails" : "java.lang.NullPointerException",
      "time" : {
        "start" : 1616698322683,
        "stop" : 1616698322720,
        "duration" : 37
      }
    }, {
      "uid" : "302f2a28b8b49b54",
      "status" : "broken",
      "statusDetails" : "java.lang.NullPointerException",
      "time" : {
        "start" : 1616698319258,
        "stop" : 1616698319300,
        "duration" : 42
      }
    }, {
      "uid" : "955a876dd08c78e6",
      "status" : "broken",
      "statusDetails" : "java.lang.NullPointerException",
      "time" : {
        "start" : 1616698207172,
        "stop" : 1616698207216,
        "duration" : 44
      }
    }, {
      "uid" : "657f5a9e56c733a7",
      "status" : "broken",
      "statusDetails" : "java.lang.NullPointerException",
      "time" : {
        "start" : 1616538422591,
        "stop" : 1616538422647,
        "duration" : 56
      }
    }, {
      "uid" : "41d91055f648bcbf",
      "status" : "broken",
      "statusDetails" : "java.lang.NullPointerException",
      "time" : {
        "start" : 1616538419286,
        "stop" : 1616538419324,
        "duration" : 38
      }
    }, {
      "uid" : "2558f1dfd0ed425a",
      "status" : "broken",
      "statusDetails" : "java.lang.NullPointerException",
      "time" : {
        "start" : 1616538396365,
        "stop" : 1616538396413,
        "duration" : 48
      }
    }, {
      "uid" : "bb8d90c9ffdd8b30",
      "status" : "broken",
      "statusDetails" : "java.lang.NullPointerException",
      "time" : {
        "start" : 1616538392994,
        "stop" : 1616538393036,
        "duration" : 42
      }
    }, {
      "uid" : "c99a0b56e6def3d7",
      "status" : "broken",
      "statusDetails" : "java.lang.NullPointerException",
      "time" : {
        "start" : 1616538322937,
        "stop" : 1616538322980,
        "duration" : 43
      }
    }, {
      "uid" : "91c281fe392201c1",
      "status" : "broken",
      "statusDetails" : "java.lang.NullPointerException",
      "time" : {
        "start" : 1616538318172,
        "stop" : 1616538318276,
        "duration" : 104
      }
    }, {
      "uid" : "a83f9b861723199",
      "status" : "broken",
      "statusDetails" : "java.lang.NullPointerException",
      "time" : {
        "start" : 1616538131004,
        "stop" : 1616538131038,
        "duration" : 34
      }
    }, {
      "uid" : "df41b893b380ebb4",
      "status" : "broken",
      "statusDetails" : "java.lang.NullPointerException",
      "time" : {
        "start" : 1616538062123,
        "stop" : 1616538062153,
        "duration" : 30
      }
    }, {
      "uid" : "363d85c885ef715d",
      "status" : "broken",
      "statusDetails" : "java.lang.NullPointerException",
      "time" : {
        "start" : 1616537798389,
        "stop" : 1616537798435,
        "duration" : 46
      }
    }, {
      "uid" : "32d918faa598d946",
      "status" : "broken",
      "statusDetails" : "java.lang.NullPointerException",
      "time" : {
        "start" : 1616537570552,
        "stop" : 1616537570620,
        "duration" : 68
      }
    }, {
      "uid" : "5ac1bea491c8b78b",
      "status" : "broken",
      "statusDetails" : "java.lang.NullPointerException",
      "time" : {
        "start" : 1616536940435,
        "stop" : 1616536940482,
        "duration" : 47
      }
    }, {
      "uid" : "307d86c4b89bf999",
      "status" : "broken",
      "statusDetails" : "java.lang.NullPointerException",
      "time" : {
        "start" : 1616530469394,
        "stop" : 1616530469434,
        "duration" : 40
      }
    }, {
      "uid" : "50092cda604bc01d",
      "status" : "broken",
      "statusDetails" : "java.lang.NullPointerException",
      "time" : {
        "start" : 1616529740251,
        "stop" : 1616529740293,
        "duration" : 42
      }
    } ],
    "categories" : [ {
      "name" : "Test defects",
      "matchedStatuses" : [ ],
      "flaky" : false
    } ],
    "tags" : [ ]
  },
  "source" : "24393026cf167f11.json",
  "parameterValues" : [ ]
}